<?xml version="1.0" encoding="UTF-8"?>
<!-- Generated by org.testng.reporters.JUnitReportReporter -->
<testsuite hostname="zhou-PC" name="test.ParameterizedTest1" tests="1" failures="0" timestamp="1 Aug 2016 10:09:25 GMT" time="0.010" errors="0">
  <testcase name="ParaTest" time="0.010" classname="test.ParameterizedTest1"/>
</testsuite> <!-- test.ParameterizedTest1 -->
