<?xml version="1.0" encoding="UTF-8"?>
<!-- Generated by org.testng.reporters.JUnitReportReporter -->
<testsuite hostname="zhou-PC" name="test._01_ShouYe" tests="1" failures="0" timestamp="1 Aug 2016 10:09:25 GMT" time="14.905" errors="0">
  <testcase name="test_shouye" time="14.905" classname="test._01_ShouYe"/>
</testsuite> <!-- test._01_ShouYe -->
